<?xml version="1.0" encoding="UTF-8"?>
<robot generator="Robot 4.1.3 (Python 3.10.2 on win32)" generated="20220705 10:48:44.754" rpa="false" schemaversion="2">
<suite id="s1" name="TestCase9" source="B:\2.L&amp;T Technology Services InternShip\shadow project\shadow\TestSuite\TestCase9.robot">
<test id="s1-t1" name="4G LTE">
<kw name="Set Selenium Speed" library="SeleniumLibrary">
<arg>10s</arg>
<doc>Sets the delay that is waited after each Selenium command.</doc>
<status status="PASS" starttime="20220705 10:48:45.145" endtime="20220705 10:48:45.145"/>
</kw>
<kw name="Open DataSettings Application" library="userdef_kw">
<kw name="Open Application" library="AppiumLibrary">
<arg>http://localhost:4723/wd/hub</arg>
<arg>platformName=Android</arg>
<arg>deviceName=${deviceName}</arg>
<arg>appPackage=${DataSetting_package}</arg>
<arg>appActivity=${DataSetting_Launcher}</arg>
<arg>noReset=${True}</arg>
<doc>Opens a new application to given Appium server.
Capabilities of appium server, Android and iOS,
Please check https://github.com/appium/appium/blob/master/docs/en/writing-running-appium/server-args.md
| *Option*            | *Man.* | *Description*     |
| remote_url          | Yes    | Appium server url |
| alias               | no     | alias             |</doc>
<status status="PASS" starttime="20220705 10:48:45.145" endtime="20220705 10:48:54.904"/>
</kw>
<status status="PASS" starttime="20220705 10:48:45.145" endtime="20220705 10:48:54.904"/>
</kw>
<kw name="Network set to" library="userdef_kw">
<arg>LTE/3G/2G (auto connect)</arg>
<kw name="Click Element" library="AppiumLibrary">
<arg>//android.widget.TextView[@text="Network mode"]</arg>
<doc>Click element identified by `locator`.</doc>
<msg timestamp="20220705 10:48:54.904" level="INFO">Clicking element '//android.widget.TextView[@text="Network mode"]'.</msg>
<status status="PASS" starttime="20220705 10:48:54.904" endtime="20220705 10:48:56.340"/>
</kw>
<kw name="Click Element" library="AppiumLibrary">
<arg>//android.widget.CheckedTextView[@text="${Mode}"]</arg>
<doc>Click element identified by `locator`.</doc>
<msg timestamp="20220705 10:48:56.343" level="INFO">Clicking element '//android.widget.CheckedTextView[@text="LTE/3G/2G (auto connect)"]'.</msg>
<status status="PASS" starttime="20220705 10:48:56.340" endtime="20220705 10:48:57.701"/>
</kw>
<kw name="Click Element" library="AppiumLibrary">
<arg>//android.widget.ImageButton[@content-desc="Navigate up"]</arg>
<doc>Click element identified by `locator`.</doc>
<msg timestamp="20220705 10:48:57.705" level="INFO">Clicking element '//android.widget.ImageButton[@content-desc="Navigate up"]'.</msg>
<status status="PASS" starttime="20220705 10:48:57.701" endtime="20220705 10:48:57.940"/>
</kw>
<status status="PASS" starttime="20220705 10:48:54.904" endtime="20220705 10:48:57.940"/>
</kw>
<kw name="Close Application" library="AppiumLibrary" type="TEARDOWN">
<doc>Closes the current application and also close webdriver session.</doc>
<status status="PASS" starttime="20220705 10:48:57.943" endtime="20220705 10:48:58.585"/>
</kw>
<status status="PASS" starttime="20220705 10:48:45.145" endtime="20220705 10:48:58.586"/>
</test>
<test id="s1-t2" name="APN set to &quot;IPv4 and IPv6&quot;">
<kw name="Open DataSettings Application" library="userdef_kw">
<kw name="Open Application" library="AppiumLibrary">
<arg>http://localhost:4723/wd/hub</arg>
<arg>platformName=Android</arg>
<arg>deviceName=${deviceName}</arg>
<arg>appPackage=${DataSetting_package}</arg>
<arg>appActivity=${DataSetting_Launcher}</arg>
<arg>noReset=${True}</arg>
<doc>Opens a new application to given Appium server.
Capabilities of appium server, Android and iOS,
Please check https://github.com/appium/appium/blob/master/docs/en/writing-running-appium/server-args.md
| *Option*            | *Man.* | *Description*     |
| remote_url          | Yes    | Appium server url |
| alias               | no     | alias             |</doc>
<status status="PASS" starttime="20220705 10:48:58.591" endtime="20220705 10:49:08.319"/>
</kw>
<status status="PASS" starttime="20220705 10:48:58.590" endtime="20220705 10:49:08.319"/>
</kw>
<kw name="GoTo APN" library="userdef_kw">
<kw name="Click Element" library="AppiumLibrary">
<arg>//android.widget.TextView[@text="Access Point Names"]</arg>
<doc>Click element identified by `locator`.</doc>
<msg timestamp="20220705 10:49:08.319" level="INFO">Clicking element '//android.widget.TextView[@text="Access Point Names"]'.</msg>
<status status="PASS" starttime="20220705 10:49:08.319" endtime="20220705 10:49:09.771"/>
</kw>
<kw name="Sleep" library="BuiltIn">
<arg>2s</arg>
<doc>Pauses the test executed for the given time.</doc>
<msg timestamp="20220705 10:49:11.774" level="INFO">Slept 2 seconds</msg>
<status status="PASS" starttime="20220705 10:49:09.771" endtime="20220705 10:49:11.774"/>
</kw>
<kw name="Click Element" library="AppiumLibrary">
<arg>//android.widget.TextView[@text="Vodafone Mobile connect"]</arg>
<doc>Click element identified by `locator`.</doc>
<msg timestamp="20220705 10:49:11.774" level="INFO">Clicking element '//android.widget.TextView[@text="Vodafone Mobile connect"]'.</msg>
<status status="PASS" starttime="20220705 10:49:11.774" endtime="20220705 10:49:11.993"/>
</kw>
<kw name="Sleep" library="BuiltIn">
<arg>2s</arg>
<doc>Pauses the test executed for the given time.</doc>
<msg timestamp="20220705 10:49:14.008" level="INFO">Slept 2 seconds</msg>
<status status="PASS" starttime="20220705 10:49:11.993" endtime="20220705 10:49:14.008"/>
</kw>
<kw name="Scroll" library="AppiumLibrary">
<arg>//android.widget.TextView[@text="MMS port"]</arg>
<arg>//android.widget.TextView[@text="Server"]</arg>
<doc>Scrolls from one element to another
Key attributes for arbitrary elements are `id` and `name`. See
`introduction` for details about locating elements.</doc>
<status status="PASS" starttime="20220705 10:49:14.008" endtime="20220705 10:49:15.898"/>
</kw>
<kw name="Sleep" library="BuiltIn">
<arg>2s</arg>
<doc>Pauses the test executed for the given time.</doc>
<msg timestamp="20220705 10:49:17.912" level="INFO">Slept 2 seconds</msg>
<status status="PASS" starttime="20220705 10:49:15.898" endtime="20220705 10:49:17.912"/>
</kw>
<kw name="Scroll" library="AppiumLibrary">
<arg>//android.widget.TextView[@text="APN type"]</arg>
<arg>//android.widget.TextView[@text="MMS port"]</arg>
<doc>Scrolls from one element to another
Key attributes for arbitrary elements are `id` and `name`. See
`introduction` for details about locating elements.</doc>
<status status="PASS" starttime="20220705 10:49:17.912" endtime="20220705 10:49:19.505"/>
</kw>
<status status="PASS" starttime="20220705 10:49:08.319" endtime="20220705 10:49:19.505"/>
</kw>
<kw name="APN set to" library="userdef_kw">
<arg>IPv4/IPv6</arg>
<kw name="Click Element" library="AppiumLibrary">
<arg>//android.widget.TextView[@text="APN protocol"]</arg>
<doc>Click element identified by `locator`.</doc>
<msg timestamp="20220705 10:49:19.510" level="INFO">Clicking element '//android.widget.TextView[@text="APN protocol"]'.</msg>
<status status="PASS" starttime="20220705 10:49:19.506" endtime="20220705 10:49:20.020"/>
</kw>
<kw name="Sleep" library="BuiltIn">
<arg>2s</arg>
<doc>Pauses the test executed for the given time.</doc>
<msg timestamp="20220705 10:49:22.024" level="INFO">Slept 2 seconds</msg>
<status status="PASS" starttime="20220705 10:49:20.020" endtime="20220705 10:49:22.024"/>
</kw>
<kw name="Click Element" library="AppiumLibrary">
<arg>//android.widget.CheckedTextView[@text="${APN}"]</arg>
<doc>Click element identified by `locator`.</doc>
<msg timestamp="20220705 10:49:22.026" level="INFO">Clicking element '//android.widget.CheckedTextView[@text="IPv4/IPv6"]'.</msg>
<status status="PASS" starttime="20220705 10:49:22.024" endtime="20220705 10:49:22.835"/>
</kw>
<kw name="Sleep" library="BuiltIn">
<arg>2s</arg>
<doc>Pauses the test executed for the given time.</doc>
<msg timestamp="20220705 10:49:24.847" level="INFO">Slept 2 seconds</msg>
<status status="PASS" starttime="20220705 10:49:22.836" endtime="20220705 10:49:24.847"/>
</kw>
<kw name="Click Element" library="AppiumLibrary">
<arg>//android.widget.ImageView[@content-desc="More options"]</arg>
<doc>Click element identified by `locator`.</doc>
<msg timestamp="20220705 10:49:24.854" level="INFO">Clicking element '//android.widget.ImageView[@content-desc="More options"]'.</msg>
<status status="PASS" starttime="20220705 10:49:24.848" endtime="20220705 10:49:25.076"/>
</kw>
<kw name="Sleep" library="BuiltIn">
<arg>2s</arg>
<doc>Pauses the test executed for the given time.</doc>
<msg timestamp="20220705 10:49:27.083" level="INFO">Slept 2 seconds</msg>
<status status="PASS" starttime="20220705 10:49:25.076" endtime="20220705 10:49:27.083"/>
</kw>
<kw name="Click Element" library="AppiumLibrary">
<arg>//android.widget.TextView[@text="Save"]</arg>
<doc>Click element identified by `locator`.</doc>
<msg timestamp="20220705 10:49:27.085" level="INFO">Clicking element '//android.widget.TextView[@text="Save"]'.</msg>
<status status="PASS" starttime="20220705 10:49:27.083" endtime="20220705 10:49:28.535"/>
</kw>
<status status="PASS" starttime="20220705 10:49:19.505" endtime="20220705 10:49:28.535"/>
</kw>
<kw name="Back From APN" library="userdef_kw">
<kw name="Click Element" library="AppiumLibrary">
<arg>//android.widget.ImageButton[@content-desc="Navigate up"]</arg>
<doc>Click element identified by `locator`.</doc>
<msg timestamp="20220705 10:49:28.548" level="INFO">Clicking element '//android.widget.ImageButton[@content-desc="Navigate up"]'.</msg>
<status status="PASS" starttime="20220705 10:49:28.535" endtime="20220705 10:49:28.711"/>
</kw>
<kw name="Sleep" library="BuiltIn">
<arg>2s</arg>
<doc>Pauses the test executed for the given time.</doc>
<msg timestamp="20220705 10:49:30.716" level="INFO">Slept 2 seconds</msg>
<status status="PASS" starttime="20220705 10:49:28.711" endtime="20220705 10:49:30.716"/>
</kw>
<kw name="Click Element" library="AppiumLibrary">
<arg>//android.widget.ImageButton[@content-desc="Navigate up"]</arg>
<doc>Click element identified by `locator`.</doc>
<msg timestamp="20220705 10:49:30.716" level="INFO">Clicking element '//android.widget.ImageButton[@content-desc="Navigate up"]'.</msg>
<status status="PASS" starttime="20220705 10:49:30.716" endtime="20220705 10:49:30.946"/>
</kw>
<status status="PASS" starttime="20220705 10:49:28.535" endtime="20220705 10:49:30.946"/>
</kw>
<kw name="Close Application" library="AppiumLibrary" type="TEARDOWN">
<doc>Closes the current application and also close webdriver session.</doc>
<status status="PASS" starttime="20220705 10:49:30.947" endtime="20220705 10:49:31.489"/>
</kw>
<status status="PASS" starttime="20220705 10:48:58.589" endtime="20220705 10:49:31.489"/>
</test>
<test id="s1-t3" name="test with HTTP protocol: Calculate the Downlink speed">
<kw name="Set Selenium Speed" library="SeleniumLibrary">
<arg>10s</arg>
<doc>Sets the delay that is waited after each Selenium command.</doc>
<status status="PASS" starttime="20220705 10:49:31.489" endtime="20220705 10:49:31.489"/>
</kw>
<kw name="open chrome" library="userdef_kw">
<kw name="Open Application" library="AppiumLibrary">
<arg>http://localhost:4723/wd/hub</arg>
<arg>platformName=Android</arg>
<arg>deviceName=${deviceName}</arg>
<arg>appPackage=${Chrome_package}</arg>
<arg>appActivity=${Chrome_Launcher}</arg>
<arg>noReset=${True}</arg>
<doc>Opens a new application to given Appium server.
Capabilities of appium server, Android and iOS,
Please check https://github.com/appium/appium/blob/master/docs/en/writing-running-appium/server-args.md
| *Option*            | *Man.* | *Description*     |
| remote_url          | Yes    | Appium server url |
| alias               | no     | alias             |</doc>
<status status="PASS" starttime="20220705 10:49:31.489" endtime="20220705 10:49:41.552"/>
</kw>
<status status="PASS" starttime="20220705 10:49:31.489" endtime="20220705 10:49:41.552"/>
</kw>
<kw name="open new tab" library="userdef_kw">
<kw name="Click Element" library="AppiumLibrary">
<arg>//android.widget.ImageButton[@content-desc="More options"]</arg>
<doc>Click element identified by `locator`.</doc>
<msg timestamp="20220705 10:49:41.568" level="INFO">Clicking element '//android.widget.ImageButton[@content-desc="More options"]'.</msg>
<status status="PASS" starttime="20220705 10:49:41.552" endtime="20220705 10:49:46.347"/>
</kw>
<kw name="Click Element" library="AppiumLibrary">
<arg>//android.widget.TextView[@text="New tab"]</arg>
<doc>Click element identified by `locator`.</doc>
<msg timestamp="20220705 10:49:46.347" level="INFO">Clicking element '//android.widget.TextView[@text="New tab"]'.</msg>
<status status="PASS" starttime="20220705 10:49:46.347" endtime="20220705 10:49:46.612"/>
</kw>
<status status="PASS" starttime="20220705 10:49:41.552" endtime="20220705 10:49:46.612"/>
</kw>
<kw name="search for http downlode" library="userdef_kw">
<kw name="Input Text" library="AppiumLibrary">
<arg>id=search_box_text</arg>
<arg>https://fastest.fish/test-files</arg>
<doc>Types the given `text` into text field identified by `locator`.</doc>
<msg timestamp="20220705 10:49:46.612" level="INFO">Typing text 'https://fastest.fish/test-files' into text field 'id=search_box_text'</msg>
<status status="PASS" starttime="20220705 10:49:46.612" endtime="20220705 10:49:49.620"/>
</kw>
<kw name="Sleep" library="BuiltIn">
<arg>5s</arg>
<doc>Pauses the test executed for the given time.</doc>
<msg timestamp="20220705 10:49:54.634" level="INFO">Slept 5 seconds</msg>
<status status="PASS" starttime="20220705 10:49:49.620" endtime="20220705 10:49:54.634"/>
</kw>
<kw name="Press Keycode" library="AppiumLibrary">
<arg>66</arg>
<doc>Sends a press of keycode to the device.</doc>
<status status="PASS" starttime="20220705 10:49:54.634" endtime="20220705 10:49:55.134"/>
</kw>
<kw name="Sleep" library="BuiltIn">
<arg>25s</arg>
<doc>Pauses the test executed for the given time.</doc>
<msg timestamp="20220705 10:50:20.141" level="INFO">Slept 25 seconds</msg>
<status status="PASS" starttime="20220705 10:49:55.134" endtime="20220705 10:50:20.141"/>
</kw>
<kw name="Click Element" library="AppiumLibrary">
<arg>//android.widget.ImageButton[@content-desc="More options"]</arg>
<doc>Click element identified by `locator`.</doc>
<msg timestamp="20220705 10:50:20.141" level="INFO">Clicking element '//android.widget.ImageButton[@content-desc="More options"]'.</msg>
<status status="PASS" starttime="20220705 10:50:20.141" endtime="20220705 10:50:22.225"/>
</kw>
<kw name="Sleep" library="BuiltIn">
<arg>5s</arg>
<doc>Pauses the test executed for the given time.</doc>
<msg timestamp="20220705 10:50:27.234" level="INFO">Slept 5 seconds</msg>
<status status="PASS" starttime="20220705 10:50:22.225" endtime="20220705 10:50:27.234"/>
</kw>
<kw name="Click Element" library="AppiumLibrary">
<arg>//android.widget.TextView[@text="Desktop site"]</arg>
<doc>Click element identified by `locator`.</doc>
<msg timestamp="20220705 10:50:27.234" level="INFO">Clicking element '//android.widget.TextView[@text="Desktop site"]'.</msg>
<status status="PASS" starttime="20220705 10:50:27.234" endtime="20220705 10:50:27.500"/>
</kw>
<status status="PASS" starttime="20220705 10:49:46.612" endtime="20220705 10:50:27.500"/>
</kw>
<kw name="Sleep" library="BuiltIn">
<arg>30s</arg>
<doc>Pauses the test executed for the given time.</doc>
<msg timestamp="20220705 10:50:57.524" level="INFO">Slept 30 seconds</msg>
<status status="PASS" starttime="20220705 10:50:27.500" endtime="20220705 10:50:57.524"/>
</kw>
<kw name="Get Current Date" library="DateTime">
<var>${time1}</var>
<doc>Returns current local or UTC time with an optional increment.</doc>
<msg timestamp="20220705 10:50:57.524" level="INFO">${time1} = 2022-07-05 10:50:57.524</msg>
<status status="PASS" starttime="20220705 10:50:57.524" endtime="20220705 10:50:57.524"/>
</kw>
<kw name="Log To Console" library="BuiltIn">
<arg>${time1}</arg>
<doc>Logs the given message to the console.</doc>
<status status="PASS" starttime="20220705 10:50:57.524" endtime="20220705 10:50:57.524"/>
</kw>
<kw name="make downlode http" library="userdef_kw">
<kw name="Click Element" library="AppiumLibrary">
<arg>//android.widget.Button[@text="10MB"]</arg>
<doc>Click element identified by `locator`.</doc>
<msg timestamp="20220705 10:50:57.524" level="INFO">Clicking element '//android.widget.Button[@text="10MB"]'.</msg>
<status status="PASS" starttime="20220705 10:50:57.524" endtime="20220705 10:50:58.055"/>
</kw>
<kw name="Wait Until Page Contains" library="AppiumLibrary">
<arg>Download again</arg>
<arg>timeout=60s</arg>
<doc>Waits until `text` appears on current page.</doc>
<status status="PASS" starttime="20220705 10:50:58.055" endtime="20220705 10:51:00.542"/>
</kw>
<kw name="Click Element" library="AppiumLibrary">
<arg>//android.widget.Button[@text="Download again"]</arg>
<doc>Click element identified by `locator`.</doc>
<msg timestamp="20220705 10:51:00.542" level="INFO">Clicking element '//android.widget.Button[@text="Download again"]'.</msg>
<status status="PASS" starttime="20220705 10:51:00.542" endtime="20220705 10:51:03.307"/>
</kw>
<kw name="Wait Until Page Contains" library="AppiumLibrary">
<arg>File downloaded</arg>
<arg>timeout=600s</arg>
<doc>Waits until `text` appears on current page.</doc>
<status status="PASS" starttime="20220705 10:51:03.307" endtime="20220705 10:51:03.682"/>
</kw>
<status status="PASS" starttime="20220705 10:50:57.524" endtime="20220705 10:51:03.682"/>
</kw>
<kw name="Get Current Date" library="DateTime">
<var>${time2}</var>
<doc>Returns current local or UTC time with an optional increment.</doc>
<msg timestamp="20220705 10:51:03.682" level="INFO">${time2} = 2022-07-05 10:51:03.682</msg>
<status status="PASS" starttime="20220705 10:51:03.682" endtime="20220705 10:51:03.682"/>
</kw>
<kw name="Log To Console" library="BuiltIn">
<arg>${time2}</arg>
<doc>Logs the given message to the console.</doc>
<status status="PASS" starttime="20220705 10:51:03.682" endtime="20220705 10:51:03.682"/>
</kw>
<kw name="Get Current Date" library="DateTime">
<var>${time2}</var>
<doc>Returns current local or UTC time with an optional increment.</doc>
<msg timestamp="20220705 10:51:03.682" level="INFO">${time2} = 2022-07-05 10:51:03.682</msg>
<status status="PASS" starttime="20220705 10:51:03.682" endtime="20220705 10:51:03.682"/>
</kw>
<kw name="Subtract Date From Date" library="DateTime">
<var>${time}</var>
<arg>${time2}</arg>
<arg>${time1}</arg>
<doc>Subtracts date from another date and returns time between.</doc>
<msg timestamp="20220705 10:51:03.697" level="INFO">${time} = 6.158</msg>
<status status="PASS" starttime="20220705 10:51:03.697" endtime="20220705 10:51:03.697"/>
</kw>
<kw name="Evaluate" library="BuiltIn">
<var>${res}</var>
<arg>${time} % 100</arg>
<doc>Evaluates the given expression in Python and returns the result.</doc>
<msg timestamp="20220705 10:51:03.697" level="INFO">${res} = 6.158</msg>
<status status="PASS" starttime="20220705 10:51:03.697" endtime="20220705 10:51:03.697"/>
</kw>
<kw name="Log To Console" library="BuiltIn">
<arg>10MB per ${res} sec</arg>
<doc>Logs the given message to the console.</doc>
<status status="PASS" starttime="20220705 10:51:03.697" endtime="20220705 10:51:03.697"/>
</kw>
<kw name="Close Application" library="AppiumLibrary" type="TEARDOWN">
<doc>Closes the current application and also close webdriver session.</doc>
<status status="PASS" starttime="20220705 10:51:03.697" endtime="20220705 10:51:04.291"/>
</kw>
<status status="PASS" starttime="20220705 10:49:31.489" endtime="20220705 10:51:04.306"/>
</test>
<doc>4G LTE Ipv4 and IPv6 test with HTTP protocol: APN set to "IPv4 and IPv6".</doc>
<status status="PASS" starttime="20220705 10:48:44.754" endtime="20220705 10:51:04.306"/>
</suite>
<statistics>
<total>
<stat pass="3" fail="0" skip="0">All Tests</stat>
</total>
<tag>
</tag>
<suite>
<stat pass="3" fail="0" skip="0" id="s1" name="TestCase9">TestCase9</stat>
</suite>
</statistics>
<errors>
<msg timestamp="20220705 10:48:44.785" level="ERROR">Error in resource file 'B:\2.L&amp;T Technology Services InternShip\shadow project\shadow\Res\userdef_kw.robot': Creating keyword 'Enter The Number' failed: Keyword with same name defined multiple times.</msg>
</errors>
</robot>
