<?xml version="1.0" encoding="UTF-8"?>
<robot generator="Robot 4.1.3 (Python 3.10.2 on win32)" generated="20220714 11:29:57.944" rpa="false" schemaversion="2">
<suite id="s1" name="TestCase19" source="B:\2.L&amp;T Technology Services InternShip\shadow project\shadow\TestSuite\TestCase19.robot">
<test id="s1-t1" name="TEST CASE 7 : Simultaneous Data and voice call with WCMA bands.">
<kw name="Common Functionality" library="CommonFunctionality">
<kw name="Set Selenium Implicit Wait" library="SeleniumLibrary">
<arg>30s</arg>
<doc>Sets the implicit wait value used by Selenium.</doc>
<status status="PASS" starttime="20220714 11:29:58.319" endtime="20220714 11:29:58.319"/>
</kw>
<kw name="Set Screenshot Directory" library="SeleniumLibrary">
<arg>${EXECDIR}${/}screenshot</arg>
<doc>Sets the directory for captured screenshots.</doc>
<status status="PASS" starttime="20220714 11:29:58.319" endtime="20220714 11:29:58.319"/>
</kw>
<status status="PASS" starttime="20220714 11:29:58.319" endtime="20220714 11:29:58.319"/>
</kw>
<kw name="Open DataSettings Application" library="Settings_kw">
<kw name="Open Application" library="AppiumLibrary">
<arg>http://localhost:4723/wd/hub</arg>
<arg>platformName=Android</arg>
<arg>deviceName=${deviceName}</arg>
<arg>appPackage=${DataSetting_package}</arg>
<arg>appActivity=${DataSetting_Launcher}</arg>
<arg>noReset=${True}</arg>
<doc>Opens a new application to given Appium server.
Capabilities of appium server, Android and iOS,
Please check https://github.com/appium/appium/blob/master/docs/en/writing-running-appium/server-args.md
| *Option*            | *Man.* | *Description*     |
| remote_url          | Yes    | Appium server url |
| alias               | no     | alias             |</doc>
<status status="PASS" starttime="20220714 11:29:58.319" endtime="20220714 11:30:08.051"/>
</kw>
<status status="PASS" starttime="20220714 11:29:58.319" endtime="20220714 11:30:08.051"/>
</kw>
<kw name="Network set to" library="Settings_kw">
<arg>3G/2G (auto connect)</arg>
<kw name="Click Element" library="AppiumLibrary">
<arg>//android.widget.TextView[@text="Network mode"]</arg>
<doc>Click element identified by `locator`.</doc>
<msg timestamp="20220714 11:30:08.067" level="INFO">Clicking element '//android.widget.TextView[@text="Network mode"]'.</msg>
<status status="PASS" starttime="20220714 11:30:08.051" endtime="20220714 11:30:09.457"/>
</kw>
<kw name="Click Element" library="AppiumLibrary">
<arg>//android.widget.CheckedTextView[@text="${Mode}"]</arg>
<doc>Click element identified by `locator`.</doc>
<msg timestamp="20220714 11:30:09.473" level="INFO">Clicking element '//android.widget.CheckedTextView[@text="3G/2G (auto connect)"]'.</msg>
<status status="PASS" starttime="20220714 11:30:09.457" endtime="20220714 11:30:11.128"/>
</kw>
<kw name="Click Element" library="AppiumLibrary">
<arg>//android.widget.ImageButton[@content-desc="Navigate up"]</arg>
<doc>Click element identified by `locator`.</doc>
<msg timestamp="20220714 11:30:11.144" level="INFO">Clicking element '//android.widget.ImageButton[@content-desc="Navigate up"]'.</msg>
<status status="PASS" starttime="20220714 11:30:11.128" endtime="20220714 11:30:11.363"/>
</kw>
<status status="PASS" starttime="20220714 11:30:08.051" endtime="20220714 11:30:11.363"/>
</kw>
<kw name="Log To Console" library="BuiltIn">
<arg>"Network set To 3G"</arg>
<doc>Logs the given message to the console.</doc>
<status status="PASS" starttime="20220714 11:30:11.363" endtime="20220714 11:30:11.378"/>
</kw>
<kw name="Open DataSettings Application" library="Settings_kw">
<kw name="Open Application" library="AppiumLibrary">
<arg>http://localhost:4723/wd/hub</arg>
<arg>platformName=Android</arg>
<arg>deviceName=${deviceName}</arg>
<arg>appPackage=${DataSetting_package}</arg>
<arg>appActivity=${DataSetting_Launcher}</arg>
<arg>noReset=${True}</arg>
<doc>Opens a new application to given Appium server.
Capabilities of appium server, Android and iOS,
Please check https://github.com/appium/appium/blob/master/docs/en/writing-running-appium/server-args.md
| *Option*            | *Man.* | *Description*     |
| remote_url          | Yes    | Appium server url |
| alias               | no     | alias             |</doc>
<status status="PASS" starttime="20220714 11:30:11.378" endtime="20220714 11:30:23.016"/>
</kw>
<status status="PASS" starttime="20220714 11:30:11.378" endtime="20220714 11:30:23.016"/>
</kw>
<kw name="APN set to" library="Settings_kw">
<arg>IPv4/IPv6</arg>
<kw name="Set Selenium Implicit Wait" library="SeleniumLibrary">
<arg>30s</arg>
<doc>Sets the implicit wait value used by Selenium.</doc>
<status status="PASS" starttime="20220714 11:30:23.016" endtime="20220714 11:30:23.016"/>
</kw>
<kw name="Sleep" library="BuiltIn">
<arg>3s</arg>
<doc>Pauses the test executed for the given time.</doc>
<msg timestamp="20220714 11:30:26.031" level="INFO">Slept 3 seconds</msg>
<status status="PASS" starttime="20220714 11:30:23.016" endtime="20220714 11:30:26.031"/>
</kw>
<kw name="Click Element" library="AppiumLibrary">
<arg>//android.widget.TextView[@text="Access Point Names"]</arg>
<doc>Click element identified by `locator`.</doc>
<msg timestamp="20220714 11:30:26.031" level="INFO">Clicking element '//android.widget.TextView[@text="Access Point Names"]'.</msg>
<status status="PASS" starttime="20220714 11:30:26.031" endtime="20220714 11:30:26.812"/>
</kw>
<kw name="Sleep" library="BuiltIn">
<arg>2s</arg>
<doc>Pauses the test executed for the given time.</doc>
<msg timestamp="20220714 11:30:28.828" level="INFO">Slept 2 seconds</msg>
<status status="PASS" starttime="20220714 11:30:26.812" endtime="20220714 11:30:28.828"/>
</kw>
<kw name="Click Element" library="AppiumLibrary">
<arg>//android.widget.TextView[@text="Vodafone Mobile connect"]</arg>
<doc>Click element identified by `locator`.</doc>
<msg timestamp="20220714 11:30:28.828" level="INFO">Clicking element '//android.widget.TextView[@text="Vodafone Mobile connect"]'.</msg>
<status status="PASS" starttime="20220714 11:30:28.828" endtime="20220714 11:30:29.015"/>
</kw>
<kw name="Sleep" library="BuiltIn">
<arg>2s</arg>
<doc>Pauses the test executed for the given time.</doc>
<msg timestamp="20220714 11:30:31.018" level="INFO">Slept 2 seconds</msg>
<status status="PASS" starttime="20220714 11:30:29.015" endtime="20220714 11:30:31.018"/>
</kw>
<kw name="Scroll" library="AppiumLibrary">
<arg>//android.widget.TextView[@text="MMS port"]</arg>
<arg>//android.widget.TextView[@text="Server"]</arg>
<doc>Scrolls from one element to another
Key attributes for arbitrary elements are `id` and `name`. See
`introduction` for details about locating elements.</doc>
<status status="PASS" starttime="20220714 11:30:31.018" endtime="20220714 11:30:32.704"/>
</kw>
<kw name="Sleep" library="BuiltIn">
<arg>2s</arg>
<doc>Pauses the test executed for the given time.</doc>
<msg timestamp="20220714 11:30:34.712" level="INFO">Slept 2 seconds</msg>
<status status="PASS" starttime="20220714 11:30:32.704" endtime="20220714 11:30:34.712"/>
</kw>
<kw name="Scroll" library="AppiumLibrary">
<arg>//android.widget.TextView[@text="APN type"]</arg>
<arg>//android.widget.TextView[@text="MMS port"]</arg>
<doc>Scrolls from one element to another
Key attributes for arbitrary elements are `id` and `name`. See
`introduction` for details about locating elements.</doc>
<status status="PASS" starttime="20220714 11:30:34.712" endtime="20220714 11:30:36.419"/>
</kw>
<kw name="Sleep" library="BuiltIn">
<arg>2s</arg>
<doc>Pauses the test executed for the given time.</doc>
<msg timestamp="20220714 11:30:38.434" level="INFO">Slept 2 seconds</msg>
<status status="PASS" starttime="20220714 11:30:36.419" endtime="20220714 11:30:38.434"/>
</kw>
<kw name="Click Element" library="AppiumLibrary">
<arg>//android.widget.TextView[@text="APN protocol"]</arg>
<doc>Click element identified by `locator`.</doc>
<msg timestamp="20220714 11:30:38.434" level="INFO">Clicking element '//android.widget.TextView[@text="APN protocol"]'.</msg>
<status status="PASS" starttime="20220714 11:30:38.434" endtime="20220714 11:30:38.778"/>
</kw>
<kw name="Sleep" library="BuiltIn">
<arg>2s</arg>
<doc>Pauses the test executed for the given time.</doc>
<msg timestamp="20220714 11:30:40.783" level="INFO">Slept 2 seconds</msg>
<status status="PASS" starttime="20220714 11:30:38.778" endtime="20220714 11:30:40.783"/>
</kw>
<kw name="Click Element" library="AppiumLibrary">
<arg>//android.widget.CheckedTextView[@text="${APN}"]</arg>
<doc>Click element identified by `locator`.</doc>
<msg timestamp="20220714 11:30:40.786" level="INFO">Clicking element '//android.widget.CheckedTextView[@text="IPv4/IPv6"]'.</msg>
<status status="PASS" starttime="20220714 11:30:40.783" endtime="20220714 11:30:41.573"/>
</kw>
<kw name="Sleep" library="BuiltIn">
<arg>2s</arg>
<doc>Pauses the test executed for the given time.</doc>
<msg timestamp="20220714 11:30:43.586" level="INFO">Slept 2 seconds</msg>
<status status="PASS" starttime="20220714 11:30:41.574" endtime="20220714 11:30:43.586"/>
</kw>
<kw name="Click Element" library="AppiumLibrary">
<arg>//android.widget.ImageView[@content-desc="More options"]</arg>
<doc>Click element identified by `locator`.</doc>
<msg timestamp="20220714 11:30:43.589" level="INFO">Clicking element '//android.widget.ImageView[@content-desc="More options"]'.</msg>
<status status="PASS" starttime="20220714 11:30:43.586" endtime="20220714 11:30:43.859"/>
</kw>
<kw name="Sleep" library="BuiltIn">
<arg>2s</arg>
<doc>Pauses the test executed for the given time.</doc>
<msg timestamp="20220714 11:30:45.866" level="INFO">Slept 2 seconds</msg>
<status status="PASS" starttime="20220714 11:30:43.859" endtime="20220714 11:30:45.866"/>
</kw>
<kw name="Click Element" library="AppiumLibrary">
<arg>//android.widget.TextView[@text="Save"]</arg>
<doc>Click element identified by `locator`.</doc>
<msg timestamp="20220714 11:30:45.867" level="INFO">Clicking element '//android.widget.TextView[@text="Save"]'.</msg>
<status status="PASS" starttime="20220714 11:30:45.866" endtime="20220714 11:30:47.221"/>
</kw>
<kw name="Sleep" library="BuiltIn">
<arg>2s</arg>
<doc>Pauses the test executed for the given time.</doc>
<msg timestamp="20220714 11:30:49.237" level="INFO">Slept 2 seconds</msg>
<status status="PASS" starttime="20220714 11:30:47.222" endtime="20220714 11:30:49.238"/>
</kw>
<kw name="Click Element" library="AppiumLibrary">
<arg>//android.widget.ImageButton[@content-desc="Navigate up"]</arg>
<doc>Click element identified by `locator`.</doc>
<msg timestamp="20220714 11:30:49.243" level="INFO">Clicking element '//android.widget.ImageButton[@content-desc="Navigate up"]'.</msg>
<status status="PASS" starttime="20220714 11:30:49.238" endtime="20220714 11:30:49.422"/>
</kw>
<kw name="Sleep" library="BuiltIn">
<arg>2s</arg>
<doc>Pauses the test executed for the given time.</doc>
<msg timestamp="20220714 11:30:51.423" level="INFO">Slept 2 seconds</msg>
<status status="PASS" starttime="20220714 11:30:49.422" endtime="20220714 11:30:51.423"/>
</kw>
<kw name="Click Element" library="AppiumLibrary">
<arg>//android.widget.ImageButton[@content-desc="Navigate up"]</arg>
<doc>Click element identified by `locator`.</doc>
<msg timestamp="20220714 11:30:51.429" level="INFO">Clicking element '//android.widget.ImageButton[@content-desc="Navigate up"]'.</msg>
<status status="PASS" starttime="20220714 11:30:51.424" endtime="20220714 11:30:51.589"/>
</kw>
<status status="PASS" starttime="20220714 11:30:23.016" endtime="20220714 11:30:51.589"/>
</kw>
<kw name="Log To Console" library="BuiltIn">
<arg>"APN set to IPv4/IPv6"</arg>
<doc>Logs the given message to the console.</doc>
<status status="PASS" starttime="20220714 11:30:51.590" endtime="20220714 11:30:51.591"/>
</kw>
<kw name="Open Dialer Application" library="Diler_kw">
<kw name="Open Application" library="AppiumLibrary">
<arg>http://localhost:4723/wd/hub</arg>
<arg>platformName=Android</arg>
<arg>deviceName=${deviceName}</arg>
<arg>appPackage=${dialer_package}</arg>
<arg>appActivity=${dialer_Launcher}</arg>
<arg>noReset=${True}</arg>
<doc>Opens a new application to given Appium server.
Capabilities of appium server, Android and iOS,
Please check https://github.com/appium/appium/blob/master/docs/en/writing-running-appium/server-args.md
| *Option*            | *Man.* | *Description*     |
| remote_url          | Yes    | Appium server url |
| alias               | no     | alias             |</doc>
<status status="PASS" starttime="20220714 11:30:51.592" endtime="20220714 11:31:02.743"/>
</kw>
<kw name="Sleep" library="BuiltIn">
<arg>2s</arg>
<doc>Pauses the test executed for the given time.</doc>
<msg timestamp="20220714 11:31:04.746" level="INFO">Slept 2 seconds</msg>
<status status="PASS" starttime="20220714 11:31:02.743" endtime="20220714 11:31:04.746"/>
</kw>
<status status="PASS" starttime="20220714 11:30:51.592" endtime="20220714 11:31:04.746"/>
</kw>
<kw name="Make A Call to" library="Diler_kw">
<arg>8919111420</arg>
<kw name="Input Value" library="AppiumLibrary">
<arg>digits</arg>
<arg>${num}</arg>
<doc>Sets the given value into text field identified by `locator`. This is an IOS only keyword, input value makes use of set_value</doc>
<msg timestamp="20220714 11:31:04.753" level="INFO">Setting text '8919111420' into text field 'digits'</msg>
<status status="PASS" starttime="20220714 11:31:04.749" endtime="20220714 11:31:05.040"/>
</kw>
<kw name="Sleep" library="BuiltIn">
<arg>1s</arg>
<doc>Pauses the test executed for the given time.</doc>
<msg timestamp="20220714 11:31:06.055" level="INFO">Slept 1 second</msg>
<status status="PASS" starttime="20220714 11:31:05.041" endtime="20220714 11:31:06.055"/>
</kw>
<kw name="Click Element" library="AppiumLibrary">
<arg>id=dialButton</arg>
<doc>Click element identified by `locator`.</doc>
<msg timestamp="20220714 11:31:06.062" level="INFO">Clicking element 'id=dialButton'.</msg>
<status status="PASS" starttime="20220714 11:31:06.056" endtime="20220714 11:31:06.389"/>
</kw>
<status status="PASS" starttime="20220714 11:31:04.748" endtime="20220714 11:31:06.390"/>
</kw>
<kw name="Open chrome Application" library="Chrome_kw">
<kw name="Open Application" library="AppiumLibrary">
<arg>http://localhost:4723/wd/hub</arg>
<arg>platformName=Android</arg>
<arg>deviceName=${deviceName}</arg>
<arg>appPackage=${Chrome_package}</arg>
<arg>appActivity=${Chrome_Launcher}</arg>
<arg>noReset=${True}</arg>
<doc>Opens a new application to given Appium server.
Capabilities of appium server, Android and iOS,
Please check https://github.com/appium/appium/blob/master/docs/en/writing-running-appium/server-args.md
| *Option*            | *Man.* | *Description*     |
| remote_url          | Yes    | Appium server url |
| alias               | no     | alias             |</doc>
<status status="PASS" starttime="20220714 11:31:06.395" endtime="20220714 11:31:17.528"/>
</kw>
<kw name="Click Element" library="AppiumLibrary">
<arg>id=menu_button</arg>
<doc>Click element identified by `locator`.</doc>
<msg timestamp="20220714 11:31:17.532" level="INFO">Clicking element 'id=menu_button'.</msg>
<status status="PASS" starttime="20220714 11:31:17.528" endtime="20220714 11:31:21.316"/>
</kw>
<kw name="Click Element" library="AppiumLibrary">
<arg>id=new_tab_menu_id</arg>
<doc>Click element identified by `locator`.</doc>
<msg timestamp="20220714 11:31:21.318" level="INFO">Clicking element 'id=new_tab_menu_id'.</msg>
<status status="PASS" starttime="20220714 11:31:21.316" endtime="20220714 11:31:21.496"/>
</kw>
<status status="PASS" starttime="20220714 11:31:06.393" endtime="20220714 11:31:21.497"/>
</kw>
<kw name="open url" library="Chrome_kw">
<arg>Raja Lakkakula</arg>
<kw name="Input Text" library="AppiumLibrary">
<arg>id=search_box_text</arg>
<arg>${LINK}</arg>
<doc>Types the given `text` into text field identified by `locator`.</doc>
<msg timestamp="20220714 11:31:21.501" level="INFO">Typing text 'Raja Lakkakula' into text field 'id=search_box_text'</msg>
<status status="PASS" starttime="20220714 11:31:21.498" endtime="20220714 11:31:24.683"/>
</kw>
<kw name="Sleep" library="BuiltIn">
<arg>5s</arg>
<doc>Pauses the test executed for the given time.</doc>
<msg timestamp="20220714 11:31:29.689" level="INFO">Slept 5 seconds</msg>
<status status="PASS" starttime="20220714 11:31:24.685" endtime="20220714 11:31:29.689"/>
</kw>
<kw name="Press Keycode" library="AppiumLibrary">
<arg>66</arg>
<doc>Sends a press of keycode to the device.</doc>
<status status="PASS" starttime="20220714 11:31:29.690" endtime="20220714 11:31:30.160"/>
</kw>
<kw name="Sleep" library="BuiltIn">
<arg>5s</arg>
<doc>Pauses the test executed for the given time.</doc>
<msg timestamp="20220714 11:31:35.164" level="INFO">Slept 5 seconds</msg>
<status status="PASS" starttime="20220714 11:31:30.161" endtime="20220714 11:31:35.164"/>
</kw>
<kw name="Click Element" library="AppiumLibrary">
<arg>//android.widget.ImageButton[@content-desc="More options"]</arg>
<doc>Click element identified by `locator`.</doc>
<msg timestamp="20220714 11:31:35.169" level="INFO">Clicking element '//android.widget.ImageButton[@content-desc="More options"]'.</msg>
<status status="PASS" starttime="20220714 11:31:35.164" endtime="20220714 11:31:38.417"/>
</kw>
<kw name="Sleep" library="BuiltIn">
<arg>5s</arg>
<doc>Pauses the test executed for the given time.</doc>
<msg timestamp="20220714 11:31:43.422" level="INFO">Slept 5 seconds</msg>
<status status="PASS" starttime="20220714 11:31:38.417" endtime="20220714 11:31:43.422"/>
</kw>
<kw name="Click Element" library="AppiumLibrary">
<arg>//android.widget.TextView[@text="Desktop site"]</arg>
<doc>Click element identified by `locator`.</doc>
<msg timestamp="20220714 11:31:43.424" level="INFO">Clicking element '//android.widget.TextView[@text="Desktop site"]'.</msg>
<kw name="Capture Page Screenshot">
<msg timestamp="20220714 11:31:49.052" level="FAIL">Multiple keywords with name 'Capture Page Screenshot' found. Give the full name of the keyword you want to use:
    AppiumLibrary.Capture Page Screenshot
    SeleniumLibrary.Capture Page Screenshot</msg>
<status status="FAIL" starttime="20220714 11:31:49.052" endtime="20220714 11:31:49.053"/>
</kw>
<msg timestamp="20220714 11:31:49.057" level="WARN">Keyword 'Capture Page Screenshot' could not be run on failure: Multiple keywords with name 'Capture Page Screenshot' found. Give the full name of the keyword you want to use:
    AppiumLibrary.Capture Page Screenshot
    SeleniumLibrary.Capture Page Screenshot</msg>
<msg timestamp="20220714 11:31:49.059" level="FAIL">ValueError: Element locator '//android.widget.TextView[@text="Desktop site"]' did not match any elements.</msg>
<status status="FAIL" starttime="20220714 11:31:43.422" endtime="20220714 11:31:49.060"/>
</kw>
<kw name="Capture Page Screenshot" library="AppiumLibrary">
<doc>Takes a screenshot of the current page and embeds it into the log.</doc>
<status status="NOT RUN" starttime="20220714 11:31:49.060" endtime="20220714 11:31:49.060"/>
</kw>
<status status="FAIL" starttime="20220714 11:31:21.498" endtime="20220714 11:31:49.060"/>
</kw>
<kw name="Disconnect The Call" library="Diler_kw">
<status status="NOT RUN" starttime="20220714 11:31:49.062" endtime="20220714 11:31:49.062"/>
</kw>
<status status="FAIL" starttime="20220714 11:29:58.319" endtime="20220714 11:31:49.062">ValueError: Element locator '//android.widget.TextView[@text="Desktop site"]' did not match any elements.</status>
</test>
<doc>Simultaneous Data and voice call with WCMA bands.</doc>
<status status="FAIL" starttime="20220714 11:29:57.944" endtime="20220714 11:31:49.064"/>
</suite>
<statistics>
<total>
<stat pass="0" fail="1" skip="0">All Tests</stat>
</total>
<tag>
</tag>
<suite>
<stat pass="0" fail="1" skip="0" id="s1" name="TestCase19">TestCase19</stat>
</suite>
</statistics>
<errors>
<msg timestamp="20220714 11:31:49.057" level="WARN">Keyword 'Capture Page Screenshot' could not be run on failure: Multiple keywords with name 'Capture Page Screenshot' found. Give the full name of the keyword you want to use:
    AppiumLibrary.Capture Page Screenshot
    SeleniumLibrary.Capture Page Screenshot</msg>
</errors>
</robot>
